#
# A fatal error has been detected by the Java Runtime Environment:
#
#  SIGSEGV (0xb) at pc=0x00007fff910160dd, pid=13534, tid=1811
#
# JRE version: Java(TM) SE Runtime Environment (8.0_66-b17) (build 1.8.0_66-b17)
# Java VM: Java HotSpot(TM) 64-Bit Server VM (25.66-b17 mixed mode bsd-amd64 compressed oops)
# Problematic frame:
# C  [libobjc.A.dylib+0x10dd]  objc_msgSend+0x1d
#
# Failed to write core dump. Core dumps have been disabled. To enable core dumping, try "ulimit -c unlimited" before starting Java again
#
# If you would like to submit a bug report, please visit:
#   http://bugreport.java.com/bugreport/crash.jsp
# The crash happened outside the Java Virtual Machine in native code.
# See problematic frame for where to report the bug.
#

---------------  T H R E A D  ---------------

Current thread (0x00007f93e28d5000):  JavaThread "AWT-AppKit" daemon [_thread_in_native, id=1811, stack(0x00007fff55b21000,0x00007fff56321000)]

siginfo: si_signo: 11 (SIGSEGV), si_code: 1 (SEGV_MAPERR), si_addr: 0x0000000000000018

Registers:
RAX=0x00007f93e4f50f30, RBX=0x0000000187b20450, RCX=0x0000000127c7c5a0, RDX=0x0000000127c7c9a0
RSP=0x00007fff5631c3d8, RBP=0x00007fff5631c490, RSI=0x00007fff8b43540f, RDI=0x00007f93e4c5e3c0
R8 =0x0000000000000000, R9 =0x0000000000000f50, R10=0x00007fff8b43540f, R11=0x0000000000000000
R12=0x0000000000000000, R13=0x0000000189496e98, R14=0x0000000187b20440, R15=0x00007f93e28d5000
RIP=0x00007fff910160dd, EFLAGS=0x0000000000010246, ERR=0x0000000000000004
  TRAPNO=0x000000000000000e

Top of Stack: (sp=0x00007fff5631c3d8)
0x00007fff5631c3d8:   0000000187b1e157 00007fff5631c430
0x00007fff5631c3e8:   0000000000000003 00007fff5631c410
0x00007fff5631c3f8:   0000000109bcf1f6 0000000189496e98
0x00007fff5631c408:   0000000189496e98 00007f93e4f50f30
0x00007fff5631c418:   0000000187b206a0 0000000187b20710
0x00007fff5631c428:   00007fff728d8550 00007fff723f0c80
0x00007fff5631c438:   0000000187b20450 0000000187b20690
0x00007fff5631c448:   00007f93e4f50f30 00007f93e4c5e3c0
0x00007fff5631c458:   00007f93e0c71670 00007f93e4f50f30
0x00007fff5631c468:   00007f93e4c5e3c0 00007fff5631c518
0x00007fff5631c478:   00007f93e28d51f8 0000000189496e98
0x00007fff5631c488:   00007fff5631c540 00007fff5631c508
0x00007fff5631c498:   000000010b318954 0000000189496e98
0x00007fff5631c4a8:   00007fff5631c540 00007fff5631c508
0x00007fff5631c4b8:   000000010b3186e7 000000010b3186a2
0x00007fff5631c4c8:   00007fff5631c4c8 0000000189496e98
0x00007fff5631c4d8:   00007fff5631c540 0000000189499ad0
0x00007fff5631c4e8:   0000000000000000 0000000189496e98
0x00007fff5631c4f8:   0000000000000000 00007fff5631c528
0x00007fff5631c508:   00007fff5631c588 000000010b30ac4d
0x00007fff5631c518:   00000007806ef090 000000010b312578
0x00007fff5631c528:   00007f93e4f50f30 00007fff5631c588
0x00007fff5631c538:   00007f93e4c5e3c0 000000010b313d82
0x00007fff5631c548:   00007fff5631c548 0000000189497062
0x00007fff5631c558:   00007fff5631c5b0 0000000189499ad0
0x00007fff5631c568:   0000000000000000 0000000189497070
0x00007fff5631c578:   00007fff5631c528 00007fff5631c598
0x00007fff5631c588:   00007fff5631c5f8 000000010b30ac4d
0x00007fff5631c598:   00007f93e4f50f30 00000007af72e928
0x00007fff5631c5a8:   00007f93e4c5e3c0 00000007af72e928
0x00007fff5631c5b8:   00007fff5631c5b8 000000018f62674e
0x00007fff5631c5c8:   00007fff5631c608 000000018f626808 

Instructions: (pc=0x00007fff910160dd)
0x00007fff910160bd:   00 00 00 48 85 ff 2e 74 7a 40 f6 c7 01 2e 75 7e
0x00007fff910160cd:   49 bb f8 ff ff ff ff 7f 00 00 4c 23 1f 49 89 f2
0x00007fff910160dd:   45 23 53 18 49 c1 e2 04 4d 03 53 10 49 3b 32 75
0x00007fff910160ed:   04 41 ff 62 08 49 83 3a 00 74 6a 4d 3b 53 10 74 

Register to memory mapping:

RAX=0x00007f93e4f50f30 is an unknown value
RBX=0x0000000187b20450: Java_jogamp_nativewindow_macosx_OSXUtil_GetScreenRefreshRate0+0x1cf0 in /private/var/folders/93/1tdb_04d6d76krc3nnbm25z00000gn/T/jogamp_0000/file_cache/jln2426229379601449490/jln631894321307737051/libnativewindow_macosx.jnilib at 0x0000000187b19000
RCX=0x0000000127c7c5a0 is an unknown value
RDX=0x0000000127c7c9a0 is an unknown value
RSP=0x00007fff5631c3d8 is pointing into the stack for thread: 0x00007f93e28d5000
RBP=0x00007fff5631c490 is pointing into the stack for thread: 0x00007f93e28d5000
RSI=0x00007fff8b43540f is an unknown value
RDI=0x00007f93e4c5e3c0 is an unknown value
R8 =0x0000000000000000 is an unknown value
R9 =0x0000000000000f50 is an unknown value
R10=0x00007fff8b43540f is an unknown value
R11=0x0000000000000000 is an unknown value
R12=0x0000000000000000 is an unknown value
R13={method} {0x0000000189496e98} 'UnsetJAWTRootSurfaceLayer0' '(JJ)V' in 'jogamp/nativewindow/jawt/macosx/MacOSXJAWTWindow'
R14=0x0000000187b20440: Java_jogamp_nativewindow_macosx_OSXUtil_GetScreenRefreshRate0+0x1ce0 in /private/var/folders/93/1tdb_04d6d76krc3nnbm25z00000gn/T/jogamp_0000/file_cache/jln2426229379601449490/jln631894321307737051/libnativewindow_macosx.jnilib at 0x0000000187b19000
R15=0x00007f93e28d5000 is a thread


Stack: [0x00007fff55b21000,0x00007fff56321000],  sp=0x00007fff5631c3d8,  free space=8172k
Native frames: (J=compiled Java code, j=interpreted, Vv=VM code, C=native code)
C  [libobjc.A.dylib+0x10dd]  objc_msgSend+0x1d
j  jogamp.nativewindow.jawt.macosx.MacOSXJAWTWindow.UnsetJAWTRootSurfaceLayer0(JJ)V+0
j  jogamp.nativewindow.jawt.macosx.MacOSXJAWTWindow.access$200(JJ)V+2
j  jogamp.nativewindow.jawt.macosx.MacOSXJAWTWindow$1.run()V+38
J 1851 C1 com.jogamp.common.util.RunnableTask.run()V (345 bytes) @ 0x000000010b8ea794 [0x000000010b8ea600+0x194]
v  ~StubRoutines::call_stub
V  [libjvm.dylib+0x2ea35e]
V  [libjvm.dylib+0x321467]
V  [libjvm.dylib+0x313c3b]
C  [libnativewindow_macosx.jnilib+0x5326]  Java_jogamp_nativewindow_jawt_macosx_MacOSXJAWTWindow_UnsetJAWTRootSurfaceLayer0+0x2b6
C  [Foundation+0x92dd0]  __NSThreadPerformPerform+0x125
C  [CoreFoundation+0x80a01]  __CFRUNLOOP_IS_CALLING_OUT_TO_A_SOURCE0_PERFORM_FUNCTION__+0x11
C  [CoreFoundation+0x72c5c]  __CFRunLoopDoSources0+0x1dc
C  [CoreFoundation+0x721bf]  __CFRunLoopRun+0x39f
C  [CoreFoundation+0x71bd8]  CFRunLoopRunSpecific+0x128
C  [HIToolbox+0x3256f]  RunCurrentEventLoopInMode+0xeb
C  [HIToolbox+0x321ee]  ReceiveNextEventCommon+0xb3
C  [HIToolbox+0x3212b]  _BlockUntilNextEventMatchingListInModeWithFilter+0x47
C  [AppKit+0x918ab]  _DPSNextEvent+0x3d2
C  [AppKit+0x90e58]  -[NSApplication nextEventMatchingMask:untilDate:inMode:dequeue:]+0x15a
C  [libosxapp.dylib+0x23aa]  -[NSApplicationAWT nextEventMatchingMask:untilDate:inMode:dequeue:]+0x7c
C  [AppKit+0x86af3]  -[NSApplication run]+0x252
C  [libosxapp.dylib+0x214d]  +[NSApplicationAWT runAWTLoopWithApp:]+0x9c
C  [libawt_lwawt.dylib+0x4455b]  -[AWTStarter starter:]+0x389
C  [Foundation+0x92dd0]  __NSThreadPerformPerform+0x125
C  [CoreFoundation+0x80a01]  __CFRUNLOOP_IS_CALLING_OUT_TO_A_SOURCE0_PERFORM_FUNCTION__+0x11
C  [CoreFoundation+0x72b8d]  __CFRunLoopDoSources0+0x10d
C  [CoreFoundation+0x721bf]  __CFRunLoopRun+0x39f
C  [CoreFoundation+0x71bd8]  CFRunLoopRunSpecific+0x128
C  [java+0x6463]  CreateExecutionEnvironment+0x367
C  [java+0x21ac]  JLI_Launch+0x7a0
C  [java+0x84c0]  main+0x65
C  [java+0x1a04]  start+0x34
C  0x0000000000000007

Java frames: (J=compiled Java code, j=interpreted, Vv=VM code)
j  jogamp.nativewindow.jawt.macosx.MacOSXJAWTWindow.UnsetJAWTRootSurfaceLayer0(JJ)V+0
j  jogamp.nativewindow.jawt.macosx.MacOSXJAWTWindow.access$200(JJ)V+2
j  jogamp.nativewindow.jawt.macosx.MacOSXJAWTWindow$1.run()V+38
J 1851 C1 com.jogamp.common.util.RunnableTask.run()V (345 bytes) @ 0x000000010b8ea794 [0x000000010b8ea600+0x194]
v  ~StubRoutines::call_stub

---------------  P R O C E S S  ---------------

Java Threads: ( => current thread )
  0x00007f93e12ae000 JavaThread "Thread-48" [_thread_blocked, id=67087, stack(0x000000011ee33000,0x000000011ef33000)]
  0x00007f93e2399800 JavaThread "Keep-Alive-Timer" daemon [_thread_blocked, id=66323, stack(0x000000018f752000,0x000000018f852000)]
  0x00007f93e1a7a000 JavaThread "Animation Thread" [_thread_blocked, id=57103, stack(0x0000000187c6d000,0x0000000187d6d000)]
  0x00007f93e1a77000 JavaThread "AWT-EventQueue-1" [_thread_in_native, id=57379, stack(0x0000000188155000,0x0000000188255000)]
  0x00007f93e2874000 JavaThread "DestroyJavaVM" [_thread_blocked, id=4867, stack(0x000000010b201000,0x000000010b301000)]
  0x00007f93e1998000 JavaThread "AWT-EventQueue-0" [_thread_blocked, id=54555, stack(0x0000000127ce8000,0x0000000127de8000)]
  0x00007f93e2198000 JavaThread "Java2D Disposer" daemon [_thread_blocked, id=51223, stack(0x0000000126636000,0x0000000126736000)]
  0x00007f93e190d800 JavaThread "Java2D Queue Flusher" daemon [_thread_blocked, id=49927, stack(0x00000001253da000,0x00000001254da000)]
  0x00007f93e2905000 JavaThread "AWT-Shutdown" [_thread_blocked, id=28947, stack(0x00000001229ad000,0x0000000122aad000)]
=>0x00007f93e28d5000 JavaThread "AWT-AppKit" daemon [_thread_in_native, id=1811, stack(0x00007fff55b21000,0x00007fff56321000)]
  0x00007f93e2013800 JavaThread "Service Thread" daemon [_thread_blocked, id=18179, stack(0x0000000120b1a000,0x0000000120c1a000)]
  0x00007f93e2824000 JavaThread "C1 CompilerThread2" daemon [_thread_blocked, id=17667, stack(0x0000000120a17000,0x0000000120b17000)]
  0x00007f93e2013000 JavaThread "C2 CompilerThread1" daemon [_thread_blocked, id=17155, stack(0x0000000120914000,0x0000000120a14000)]
  0x00007f93e2004000 JavaThread "C2 CompilerThread0" daemon [_thread_blocked, id=16643, stack(0x0000000120811000,0x0000000120911000)]
  0x00007f93e2809000 JavaThread "Signal Dispatcher" daemon [_thread_blocked, id=13331, stack(0x000000012070e000,0x000000012080e000)]
  0x00007f93e2804800 JavaThread "Finalizer" daemon [_thread_blocked, id=11523, stack(0x000000011ecfb000,0x000000011edfb000)]
  0x00007f93e2801000 JavaThread "Reference Handler" daemon [_thread_blocked, id=11011, stack(0x000000011ebf8000,0x000000011ecf8000)]

Other Threads:
  0x00007f93e183d800 VMThread [stack: 0x000000011eaf5000,0x000000011ebf5000] [id=10499]
  0x00007f93e2004800 WatcherThread [stack: 0x0000000120c1d000,0x0000000120d1d000] [id=18691]

VM state:not at safepoint (normal execution)

VM Mutex/Monitor currently owned by a thread: None

Heap:
 PSYoungGen      total 76288K, used 50801K [0x00000007aab00000, 0x00000007b0200000, 0x00000007c0000000)
  eden space 65024K, 65% used [0x00000007aab00000,0x00000007ad4a8538,0x00000007aea80000)
  from space 11264K, 72% used [0x00000007af600000,0x00000007afdf41b0,0x00000007b0100000)
  to   space 11776K, 0% used [0x00000007aea80000,0x00000007aea80000,0x00000007af600000)
 ParOldGen       total 44032K, used 17666K [0x0000000780000000, 0x0000000782b00000, 0x00000007aab00000)
  object space 44032K, 40% used [0x0000000780000000,0x0000000781140910,0x0000000782b00000)
 Metaspace       used 18989K, capacity 19199K, committed 19328K, reserved 1067008K
  class space    used 1869K, capacity 1918K, committed 1920K, reserved 1048576K

Card table byte_map: [0x000000011a6c3000,0x000000011a8c4000] byte_map_base: 0x0000000116ac3000

Marking Bits: (ParMarkBitMap*) 0x000000010a2bbe20
 Begin Bits: [0x000000011ae26000, 0x000000011be26000)
 End Bits:   [0x000000011be26000, 0x000000011ce26000)

Polling page: 0x000000010a9be000

CodeCache: size=245760Kb used=6506Kb max_used=6506Kb free=239253Kb
 bounds [0x000000010b303000, 0x000000010b973000, 0x000000011a303000]
 total_blobs=2731 nmethods=1858 adapters=787
 compilation: enabled

Compilation events (10 events):
Event: 11.461 Thread 0x00007f93e2824000 nmethod 2010 0x000000010b95d290 code [0x000000010b95d400, 0x000000010b95d568]
Event: 11.461 Thread 0x00007f93e2824000 2011   !   3       java.awt.EventQueue::wakeup (79 bytes)
Event: 11.463 Thread 0x00007f93e2824000 nmethod 2011 0x000000010b95d650 code [0x000000010b95d880, 0x000000010b95e478]
Event: 11.468 Thread 0x00007f93e2013000 nmethod 2012 0x000000010b961ed0 code [0x000000010b962040, 0x000000010b962818]
Event: 11.470 Thread 0x00007f93e2824000 2013   !   3       sun.misc.URLClassPath$JarLoader::getResource (349 bytes)
Event: 11.474 Thread 0x00007f93e2824000 nmethod 2013 0x000000010b962bd0 code [0x000000010b963040, 0x000000010b965598]
Event: 11.474 Thread 0x00007f93e2824000 2014       3       sun.misc.JarIndex::get (49 bytes)
Event: 11.475 Thread 0x00007f93e2824000 nmethod 2014 0x000000010b961150 code [0x000000010b961320, 0x000000010b961b98]
Event: 11.475 Thread 0x00007f93e2824000 2015       3       java.lang.Boolean::valueOf (14 bytes)
Event: 11.475 Thread 0x00007f93e2824000 nmethod 2015 0x000000010b960dd0 code [0x000000010b960f40, 0x000000010b9610d0]

GC Heap History (10 events):
Event: 4.098 GC heap before
{Heap before GC invocations=2 (full 0):
 PSYoungGen      total 18944K, used 18940K [0x00000007aab00000, 0x00000007ac000000, 0x00000007c0000000)
  eden space 16384K, 100% used [0x00000007aab00000,0x00000007abb00000,0x00000007abb00000)
  from space 2560K, 99% used [0x00000007abb00000,0x00000007abd7f150,0x00000007abd80000)
  to   space 2560K, 0% used [0x00000007abd80000,0x00000007abd80000,0x00000007ac000000)
 ParOldGen       total 44032K, used 1050K [0x0000000780000000, 0x0000000782b00000, 0x00000007aab00000)
  object space 44032K, 2% used [0x0000000780000000,0x0000000780106940,0x0000000782b00000)
 Metaspace       used 16049K, capacity 16271K, committed 16640K, reserved 1064960K
  class space    used 1622K, capacity 1692K, committed 1792K, reserved 1048576K
Event: 4.104 GC heap after
Heap after GC invocations=2 (full 0):
 PSYoungGen      total 18944K, used 2528K [0x00000007aab00000, 0x00000007ac000000, 0x00000007c0000000)
  eden space 16384K, 0% used [0x00000007aab00000,0x00000007aab00000,0x00000007abb00000)
  from space 2560K, 98% used [0x00000007abd80000,0x00000007abff8020,0x00000007ac000000)
  to   space 2560K, 0% used [0x00000007abb00000,0x00000007abb00000,0x00000007abd80000)
 ParOldGen       total 44032K, used 2469K [0x0000000780000000, 0x0000000782b00000, 0x00000007aab00000)
  object space 44032K, 5% used [0x0000000780000000,0x0000000780269570,0x0000000782b00000)
 Metaspace       used 16049K, capacity 16271K, committed 16640K, reserved 1064960K
  class space    used 1622K, capacity 1692K, committed 1792K, reserved 1048576K
}
Event: 5.021 GC heap before
{Heap before GC invocations=3 (full 0):
 PSYoungGen      total 18944K, used 18912K [0x00000007aab00000, 0x00000007ac000000, 0x00000007c0000000)
  eden space 16384K, 100% used [0x00000007aab00000,0x00000007abb00000,0x00000007abb00000)
  from space 2560K, 98% used [0x00000007abd80000,0x00000007abff8020,0x00000007ac000000)
  to   space 2560K, 0% used [0x00000007abb00000,0x00000007abb00000,0x00000007abd80000)
 ParOldGen       total 44032K, used 2469K [0x0000000780000000, 0x0000000782b00000, 0x00000007aab00000)
  object space 44032K, 5% used [0x0000000780000000,0x0000000780269570,0x0000000782b00000)
 Metaspace       used 17828K, capacity 18063K, committed 18304K, reserved 1064960K
  class space    used 1810K, capacity 1884K, committed 1920K, reserved 1048576K
Event: 5.041 GC heap after
Heap after GC invocations=3 (full 0):
 PSYoungGen      total 18944K, used 2528K [0x00000007aab00000, 0x00000007ad000000, 0x00000007c0000000)
  eden space 16384K, 0% used [0x00000007aab00000,0x00000007aab00000,0x00000007abb00000)
  from space 2560K, 98% used [0x00000007abb00000,0x00000007abd78050,0x00000007abd80000)
  to   space 2560K, 0% used [0x00000007acd80000,0x00000007acd80000,0x00000007ad000000)
 ParOldGen       total 44032K, used 10393K [0x0000000780000000, 0x0000000782b00000, 0x00000007aab00000)
  object space 44032K, 23% used [0x0000000780000000,0x0000000780a264c0,0x0000000782b00000)
 Metaspace       used 17828K, capacity 18063K, committed 18304K, reserved 1064960K
  class space    used 1810K, capacity 1884K, committed 1920K, reserved 1048576K
}
Event: 5.561 GC heap before
{Heap before GC invocations=4 (full 0):
 PSYoungGen      total 18944K, used 18912K [0x00000007aab00000, 0x00000007ad000000, 0x00000007c0000000)
  eden space 16384K, 100% used [0x00000007aab00000,0x00000007abb00000,0x00000007abb00000)
  from space 2560K, 98% used [0x00000007abb00000,0x00000007abd78050,0x00000007abd80000)
  to   space 2560K, 0% used [0x00000007acd80000,0x00000007acd80000,0x00000007ad000000)
 ParOldGen       total 44032K, used 10393K [0x0000000780000000, 0x0000000782b00000, 0x00000007aab00000)
  object space 44032K, 23% used [0x0000000780000000,0x0000000780a264c0,0x0000000782b00000)
 Metaspace       used 18216K, capacity 18421K, committed 18560K, reserved 1067008K
  class space    used 1843K, capacity 1917K, committed 1920K, reserved 1048576K
Event: 5.578 GC heap after
Heap after GC invocations=4 (full 0):
 PSYoungGen      total 35328K, used 2544K [0x00000007aab00000, 0x00000007ad000000, 0x00000007c0000000)
  eden space 32768K, 0% used [0x00000007aab00000,0x00000007aab00000,0x00000007acb00000)
  from space 2560K, 99% used [0x00000007acd80000,0x00000007acffc040,0x00000007ad000000)
  to   space 2560K, 0% used [0x00000007acb00000,0x00000007acb00000,0x00000007acd80000)
 ParOldGen       total 44032K, used 11801K [0x0000000780000000, 0x0000000782b00000, 0x00000007aab00000)
  object space 44032K, 26% used [0x0000000780000000,0x0000000780b866e0,0x0000000782b00000)
 Metaspace       used 18216K, capacity 18421K, committed 18560K, reserved 1067008K
  class space    used 1843K, capacity 1917K, committed 1920K, reserved 1048576K
}
Event: 5.963 GC heap before
{Heap before GC invocations=5 (full 0):
 PSYoungGen      total 35328K, used 35312K [0x00000007aab00000, 0x00000007ad000000, 0x00000007c0000000)
  eden space 32768K, 100% used [0x00000007aab00000,0x00000007acb00000,0x00000007acb00000)
  from space 2560K, 99% used [0x00000007acd80000,0x00000007acffc040,0x00000007ad000000)
  to   space 2560K, 0% used [0x00000007acb00000,0x00000007acb00000,0x00000007acd80000)
 ParOldGen       total 44032K, used 11801K [0x0000000780000000, 0x0000000782b00000, 0x00000007aab00000)
  object space 44032K, 26% used [0x0000000780000000,0x0000000780b866e0,0x0000000782b00000)
 Metaspace       used 18420K, capacity 18549K, committed 18816K, reserved 1067008K
  class space    used 1861K, capacity 1917K, committed 1920K, reserved 1048576K
Event: 5.982 GC heap after
Heap after GC invocations=5 (full 0):
 PSYoungGen      total 35328K, used 2528K [0x00000007aab00000, 0x00000007b0100000, 0x00000007c0000000)
  eden space 32768K, 0% used [0x00000007aab00000,0x00000007aab00000,0x00000007acb00000)
  from space 2560K, 98% used [0x00000007acb00000,0x00000007acd78040,0x00000007acd80000)
  to   space 11264K, 0% used [0x00000007af600000,0x00000007af600000,0x00000007b0100000)
 ParOldGen       total 44032K, used 17666K [0x0000000780000000, 0x0000000782b00000, 0x00000007aab00000)
  object space 44032K, 40% used [0x0000000780000000,0x0000000781140910,0x0000000782b00000)
 Metaspace       used 18420K, capacity 18549K, committed 18816K, reserved 1067008K
  class space    used 1861K, capacity 1917K, committed 1920K, reserved 1048576K
}
Event: 6.258 GC heap before
{Heap before GC invocations=6 (full 0):
 PSYoungGen      total 35328K, used 35296K [0x00000007aab00000, 0x00000007b0100000, 0x00000007c0000000)
  eden space 32768K, 100% used [0x00000007aab00000,0x00000007acb00000,0x00000007acb00000)
  from space 2560K, 98% used [0x00000007acb00000,0x00000007acd78040,0x00000007acd80000)
  to   space 11264K, 0% used [0x00000007af600000,0x00000007af600000,0x00000007b0100000)
 ParOldGen       total 44032K, used 17666K [0x0000000780000000, 0x0000000782b00000, 0x00000007aab00000)
  object space 44032K, 40% used [0x0000000780000000,0x0000000781140910,0x0000000782b00000)
 Metaspace       used 18559K, capacity 18741K, committed 18816K, reserved 1067008K
  class space    used 1861K, capacity 1917K, committed 1920K, reserved 1048576K
Event: 6.280 GC heap after
Heap after GC invocations=6 (full 0):
 PSYoungGen      total 76288K, used 8144K [0x00000007aab00000, 0x00000007b0200000, 0x00000007c0000000)
  eden space 65024K, 0% used [0x00000007aab00000,0x00000007aab00000,0x00000007aea80000)
  from space 11264K, 72% used [0x00000007af600000,0x00000007afdf41b0,0x00000007b0100000)
  to   space 11776K, 0% used [0x00000007aea80000,0x00000007aea80000,0x00000007af600000)
 ParOldGen       total 44032K, used 17666K [0x0000000780000000, 0x0000000782b00000, 0x00000007aab00000)
  object space 44032K, 40% used [0x0000000780000000,0x0000000781140910,0x0000000782b00000)
 Metaspace       used 18559K, capacity 18741K, committed 18816K, reserved 1067008K
  class space    used 1861K, capacity 1917K, committed 1920K, reserved 1048576K
}

Deoptimization events (9 events):
Event: 0.151 Thread 0x00007f93e2005000 Uncommon trap: reason=unstable_if action=reinterpret pc=0x000000010b423628 method=java.lang.String.hashCode()I @ 14
Event: 3.357 Thread 0x00007f93e1a61000 Uncommon trap: reason=unstable_if action=reinterpret pc=0x000000010b4d7340 method=java.lang.String.toLowerCase(Ljava/util/Locale;)Ljava/lang/String; @ 85
Event: 3.597 Thread 0x00007f93e1a7a000 Uncommon trap: reason=unstable_if action=reinterpret pc=0x000000010b562e14 method=java.lang.String.lastIndexOf([CII[CIII)I @ 66
Event: 3.671 Thread 0x00007f93e1a7a000 Uncommon trap: reason=unstable_if action=reinterpret pc=0x000000010b539a64 method=java.lang.String.indexOf([CII[CIII)I @ 3
Event: 3.671 Thread 0x00007f93e1a7a000 Uncommon trap: reason=unstable_if action=reinterpret pc=0x000000010b4c3458 method=java.lang.String.indexOf([CII[CIII)I @ 3
Event: 4.813 Thread 0x00007f93e1a77000 Uncommon trap: reason=unstable_if action=reinterpret pc=0x000000010b4b152c method=java.lang.AbstractStringBuilder.append(Ljava/lang/String;)Ljava/lang/AbstractStringBuilder; @ 1
Event: 5.622 Thread 0x00007f93e1239800 Uncommon trap: reason=unstable_if action=reinterpret pc=0x000000010b775abc method=java.util.Vector.indexOf(Ljava/lang/Object;I)I @ 41
Event: 5.679 Thread 0x00007f93e1a77000 Uncommon trap: reason=unstable_if action=reinterpret pc=0x000000010b71b4ac method=java.lang.StrictMath.floorOrCeil(DDDD)D @ 115
Event: 11.473 Thread 0x00007f93e1a77000 Uncommon trap: reason=unstable_if action=reinterpret pc=0x000000010b955908 method=java.security.AccessControlContext.optimize()Ljava/security/AccessControlContext; @ 233

Internal exceptions (10 events):
Event: 0.205 Thread 0x00007f93e2005000 Exception <a 'java/lang/NoSuchFieldError': method resolution failed> (0x00000007aad50570) thrown at [/HUDSON3/workspace/8-2-build-macosx-x86_64/jdk8u66/4988/hotspot/src/share/vm/prims/methodHandles.cpp, line 1146]
Event: 0.208 Thread 0x00007f93e2005000 Exception <a 'java/lang/NoSuchFieldError': method resolution failed> (0x00000007aad5dd40) thrown at [/HUDSON3/workspace/8-2-build-macosx-x86_64/jdk8u66/4988/hotspot/src/share/vm/prims/methodHandles.cpp, line 1146]
Event: 0.600 Thread 0x00007f93e2005000 Exception <a 'java/io/FileNotFoundException'> (0x00000007aadd9d30) thrown at [/HUDSON3/workspace/8-2-build-macosx-x86_64/jdk8u66/4988/hotspot/src/share/vm/prims/jni.cpp, line 709]
Event: 0.600 Thread 0x00007f93e2005000 Exception <a 'java/io/FileNotFoundException'> (0x00000007aadda898) thrown at [/HUDSON3/workspace/8-2-build-macosx-x86_64/jdk8u66/4988/hotspot/src/share/vm/prims/jni.cpp, line 709]
Event: 0.815 Thread 0x00007f93e2005000 Exception <a 'java/io/FileNotFoundException'> (0x00000007aaec6a50) thrown at [/HUDSON3/workspace/8-2-build-macosx-x86_64/jdk8u66/4988/hotspot/src/share/vm/prims/jni.cpp, line 709]
Event: 3.581 Thread 0x00007f93e2804800 Exception <a 'java/lang/NullPointerException'> (0x00000007aab83748) thrown at [/HUDSON3/workspace/8-2-build-macosx-x86_64/jdk8u66/4988/hotspot/src/share/vm/interpreter/linkResolver.cpp, line 1178]
Event: 3.704 Thread 0x00007f93e1a7a000 Exception <a 'java/lang/UnsatisfiedLinkError': com.jogamp.common.util.JarUtil.fixNativeLibAttribs(Ljava/lang/String;)Z> (0x00000007aafaed70) thrown at [/HUDSON3/workspace/8-2-build-macosx-x86_64/jdk8u66/4988/hotspot/src/share/vm/prims/nativeLookup.cpp, li
Event: 4.812 Thread 0x00007f93e1a77000 Exception <a 'java/io/FileNotFoundException'> (0x00000007ab350cb8) thrown at [/HUDSON3/workspace/8-2-build-macosx-x86_64/jdk8u66/4988/hotspot/src/share/vm/prims/jni.cpp, line 709]
Event: 4.812 Thread 0x00007f93e1a77000 Exception <a 'java/io/FileNotFoundException'> (0x00000007ab358a08) thrown at [/HUDSON3/workspace/8-2-build-macosx-x86_64/jdk8u66/4988/hotspot/src/share/vm/prims/jni.cpp, line 709]
Event: 4.813 Thread 0x00007f93e1a77000 Implicit null exception at 0x000000010b4b11b5 to 0x000000010b4b1519

Events (10 events):
Event: 11.473 Thread 0x00007f93e1a77000 DEOPT UNPACKING pc=0x000000010b308229 sp=0x0000000188252880 mode 2
Event: 11.473 loading class java/awt/LightweightDispatcher$2
Event: 11.473 loading class java/awt/LightweightDispatcher$2 done
Event: 11.473 loading class java/awt/event/AWTEventListenerProxy
Event: 11.473 loading class java/awt/event/AWTEventListenerProxy done
Event: 11.473 loading class java/awt/Toolkit$ToolkitEventMulticaster
Event: 11.474 loading class java/awt/Toolkit$ToolkitEventMulticaster done
Event: 11.474 Thread 0x00007f93e298a000 Thread exited: 0x00007f93e298a000
Event: 11.474 loading class java/awt/Window$1DisposeAction
Event: 11.474 loading class java/awt/Window$1DisposeAction done


Dynamic libraries:
0x00000000020e4000 	/System/Library/Frameworks/Cocoa.framework/Versions/A/Cocoa
0x00000000020e4000 	/System/Library/Frameworks/Security.framework/Versions/A/Security
0x00000000020e4000 	/System/Library/Frameworks/ApplicationServices.framework/Versions/A/ApplicationServices
0x00000000020e4000 	/usr/lib/libz.1.dylib
0x00000000020e4000 	/usr/lib/libSystem.B.dylib
0x00000000020e4000 	/usr/lib/libobjc.A.dylib
0x00000000020e4000 	/System/Library/Frameworks/CoreFoundation.framework/Versions/A/CoreFoundation
0x00000000020e4000 	/System/Library/Frameworks/Foundation.framework/Versions/C/Foundation
0x00000000020e4000 	/System/Library/Frameworks/AppKit.framework/Versions/C/AppKit
0x00000000020e4000 	/System/Library/Frameworks/CoreData.framework/Versions/A/CoreData
0x00000000020e4000 	/System/Library/PrivateFrameworks/RemoteViewServices.framework/Versions/A/RemoteViewServices
0x00000000020e4000 	/System/Library/PrivateFrameworks/UIFoundation.framework/Versions/A/UIFoundation
0x00000000020e4000 	/System/Library/Frameworks/IOSurface.framework/Versions/A/IOSurface
0x00000000020e4000 	/System/Library/Frameworks/AudioToolbox.framework/Versions/A/AudioToolbox
0x00000000020e4000 	/System/Library/Frameworks/AudioUnit.framework/Versions/A/AudioUnit
0x00000000020e4000 	/System/Library/PrivateFrameworks/DataDetectorsCore.framework/Versions/A/DataDetectorsCore
0x00000000020e4000 	/System/Library/PrivateFrameworks/DesktopServicesPriv.framework/Versions/A/DesktopServicesPriv
0x00000000020e4000 	/System/Library/Frameworks/Carbon.framework/Versions/A/Frameworks/HIToolbox.framework/Versions/A/HIToolbox
0x00000000020e4000 	/System/Library/Frameworks/QuartzCore.framework/Versions/A/QuartzCore
0x00000000020e4000 	/System/Library/Frameworks/Carbon.framework/Versions/A/Frameworks/SpeechRecognition.framework/Versions/A/SpeechRecognition
0x00000000020e4000 	/usr/lib/libauto.dylib
0x00000000020e4000 	/usr/lib/libicucore.A.dylib
0x00000000020e4000 	/usr/lib/libxml2.2.dylib
0x00000000020e4000 	/System/Library/PrivateFrameworks/CoreUI.framework/Versions/A/CoreUI
0x00000000020e4000 	/System/Library/Frameworks/CoreAudio.framework/Versions/A/CoreAudio
0x00000000020e4000 	/System/Library/Frameworks/DiskArbitration.framework/Versions/A/DiskArbitration
0x00000000020e4000 	/usr/lib/liblangid.dylib
0x00000000020e4000 	/System/Library/PrivateFrameworks/MultitouchSupport.framework/Versions/A/MultitouchSupport
0x00000000020e4000 	/System/Library/Frameworks/IOKit.framework/Versions/A/IOKit
0x00000000020e4000 	/usr/lib/libDiagnosticMessagesClient.dylib
0x00000000020e4000 	/System/Library/Frameworks/CoreServices.framework/Versions/A/CoreServices
0x00000000020e4000 	/System/Library/PrivateFrameworks/PerformanceAnalysis.framework/Versions/A/PerformanceAnalysis
0x00000000020e4000 	/System/Library/PrivateFrameworks/GenerationalStorage.framework/Versions/A/GenerationalStorage
0x00000000020e4000 	/System/Library/Frameworks/OpenGL.framework/Versions/A/OpenGL
0x00000000020e4000 	/System/Library/PrivateFrameworks/Sharing.framework/Versions/A/Sharing
0x00000000020e4000 	/System/Library/Frameworks/CoreGraphics.framework/Versions/A/CoreGraphics
0x00000000020e4000 	/System/Library/Frameworks/CoreText.framework/Versions/A/CoreText
0x00000000020e4000 	/System/Library/Frameworks/ImageIO.framework/Versions/A/ImageIO
0x00000000020e4000 	/usr/lib/libextension.dylib
0x00000000020e4000 	/System/Library/PrivateFrameworks/Backup.framework/Versions/A/Backup
0x00000000020e4000 	/usr/lib/libarchive.2.dylib
0x00000000020e4000 	/System/Library/Frameworks/CFNetwork.framework/Versions/A/CFNetwork
0x00000000020e4000 	/System/Library/Frameworks/SystemConfiguration.framework/Versions/A/SystemConfiguration
0x00000000020e4000 	/usr/lib/libCRFSuite.dylib
0x00000000020e4000 	/usr/lib/libc++.1.dylib
0x00000000020e4000 	/usr/lib/libc++abi.dylib
0x00000000020e4000 	/usr/lib/system/libcache.dylib
0x00000000020e4000 	/usr/lib/system/libcommonCrypto.dylib
0x00000000020e4000 	/usr/lib/system/libcompiler_rt.dylib
0x00000000020e4000 	/usr/lib/system/libcopyfile.dylib
0x00000000020e4000 	/usr/lib/system/libcorecrypto.dylib
0x00000000020e4000 	/usr/lib/system/libdispatch.dylib
0x00000000020e4000 	/usr/lib/system/libdyld.dylib
0x00000000020e4000 	/usr/lib/system/libkeymgr.dylib
0x00000000020e4000 	/usr/lib/system/liblaunch.dylib
0x00000000020e4000 	/usr/lib/system/libmacho.dylib
0x00000000020e4000 	/usr/lib/system/libquarantine.dylib
0x00000000020e4000 	/usr/lib/system/libremovefile.dylib
0x00000000020e4000 	/usr/lib/system/libsystem_asl.dylib
0x00000000020e4000 	/usr/lib/system/libsystem_blocks.dylib
0x00000000020e4000 	/usr/lib/system/libsystem_c.dylib
0x00000000020e4000 	/usr/lib/system/libsystem_configuration.dylib
0x00000000020e4000 	/usr/lib/system/libsystem_coreservices.dylib
0x00000000020e4000 	/usr/lib/system/libsystem_coretls.dylib
0x00000000020e4000 	/usr/lib/system/libsystem_dnssd.dylib
0x00000000020e4000 	/usr/lib/system/libsystem_info.dylib
0x00000000020e4000 	/usr/lib/system/libsystem_kernel.dylib
0x00000000020e4000 	/usr/lib/system/libsystem_m.dylib
0x00000000020e4000 	/usr/lib/system/libsystem_malloc.dylib
0x00000000020e4000 	/usr/lib/system/libsystem_network.dylib
0x00000000020e4000 	/usr/lib/system/libsystem_networkextension.dylib
0x00000000020e4000 	/usr/lib/system/libsystem_notify.dylib
0x00000000020e4000 	/usr/lib/system/libsystem_platform.dylib
0x00000000020e4000 	/usr/lib/system/libsystem_pthread.dylib
0x00000000020e4000 	/usr/lib/system/libsystem_sandbox.dylib
0x00000000020e4000 	/usr/lib/system/libsystem_secinit.dylib
0x00000000020e4000 	/usr/lib/system/libsystem_stats.dylib
0x00000000020e4000 	/usr/lib/system/libsystem_trace.dylib
0x00000000020e4000 	/usr/lib/system/libunc.dylib
0x00000000020e4000 	/usr/lib/system/libunwind.dylib
0x00000000020e4000 	/usr/lib/system/libxpc.dylib
0x00000000020e4000 	/usr/lib/libbz2.1.0.dylib
0x00000000020e4000 	/usr/lib/liblzma.5.dylib
0x00000000020e4000 	/usr/lib/libbsm.0.dylib
0x00000000020e4000 	/usr/lib/libsqlite3.dylib
0x00000000020e4000 	/usr/lib/system/libkxld.dylib
0x00000000020e4000 	/usr/lib/libxar.1.dylib
0x00000000020e4000 	/usr/lib/libpam.2.dylib
0x00000000020e4000 	/usr/lib/libOpenScriptingUtil.dylib
0x00000000020e4000 	/System/Library/Frameworks/CoreServices.framework/Versions/A/Frameworks/FSEvents.framework/Versions/A/FSEvents
0x00000000020e4000 	/System/Library/Frameworks/CoreServices.framework/Versions/A/Frameworks/CarbonCore.framework/Versions/A/CarbonCore
0x00000000020e4000 	/System/Library/Frameworks/CoreServices.framework/Versions/A/Frameworks/Metadata.framework/Versions/A/Metadata
0x00000000020e4000 	/System/Library/Frameworks/CoreServices.framework/Versions/A/Frameworks/OSServices.framework/Versions/A/OSServices
0x00000000020e4000 	/System/Library/Frameworks/CoreServices.framework/Versions/A/Frameworks/SearchKit.framework/Versions/A/SearchKit
0x00000000020e4000 	/System/Library/Frameworks/CoreServices.framework/Versions/A/Frameworks/AE.framework/Versions/A/AE
0x00000000020e4000 	/System/Library/Frameworks/CoreServices.framework/Versions/A/Frameworks/LaunchServices.framework/Versions/A/LaunchServices
0x00000000020e4000 	/System/Library/Frameworks/CoreServices.framework/Versions/A/Frameworks/DictionaryServices.framework/Versions/A/DictionaryServices
0x00000000020e4000 	/System/Library/Frameworks/NetFS.framework/Versions/A/NetFS
0x00000000020e4000 	/System/Library/PrivateFrameworks/NetAuth.framework/Versions/A/NetAuth
0x00000000020e4000 	/System/Library/PrivateFrameworks/login.framework/Versions/A/Frameworks/loginsupport.framework/Versions/A/loginsupport
0x00000000020e4000 	/System/Library/PrivateFrameworks/TCC.framework/Versions/A/TCC
0x00000000020e4000 	/usr/lib/libmecabra.dylib
0x00000000020e4000 	/System/Library/Frameworks/ApplicationServices.framework/Versions/A/Frameworks/ATS.framework/Versions/A/ATS
0x00000000020e4000 	/System/Library/Frameworks/ApplicationServices.framework/Versions/A/Frameworks/ColorSync.framework/Versions/A/ColorSync
0x00000000020e4000 	/System/Library/Frameworks/ApplicationServices.framework/Versions/A/Frameworks/HIServices.framework/Versions/A/HIServices
0x00000000020e4000 	/System/Library/Frameworks/ApplicationServices.framework/Versions/A/Frameworks/LangAnalysis.framework/Versions/A/LangAnalysis
0x00000000020e4000 	/System/Library/Frameworks/ApplicationServices.framework/Versions/A/Frameworks/PrintCore.framework/Versions/A/PrintCore
0x00000000020e4000 	/System/Library/Frameworks/ApplicationServices.framework/Versions/A/Frameworks/QD.framework/Versions/A/QD
0x00000000020e4000 	/System/Library/Frameworks/ApplicationServices.framework/Versions/A/Frameworks/SpeechSynthesis.framework/Versions/A/SpeechSynthesis
0x00000000020e4000 	/System/Library/Frameworks/Accelerate.framework/Versions/A/Accelerate
0x00000000020e4000 	/System/Library/Frameworks/Accelerate.framework/Versions/A/Frameworks/vImage.framework/Versions/A/vImage
0x00000000020e4000 	/System/Library/Frameworks/Accelerate.framework/Versions/A/Frameworks/vecLib.framework/Versions/A/vecLib
0x00000000020e4000 	/System/Library/Frameworks/Accelerate.framework/Versions/A/Frameworks/vecLib.framework/Versions/A/libvDSP.dylib
0x00000000020e4000 	/System/Library/Frameworks/Accelerate.framework/Versions/A/Frameworks/vecLib.framework/Versions/A/libvMisc.dylib
0x00000000020e4000 	/System/Library/Frameworks/Accelerate.framework/Versions/A/Frameworks/vecLib.framework/Versions/A/libLAPACK.dylib
0x00000000020e4000 	/System/Library/Frameworks/Accelerate.framework/Versions/A/Frameworks/vecLib.framework/Versions/A/libBLAS.dylib
0x00000000020e4000 	/System/Library/Frameworks/Accelerate.framework/Versions/A/Frameworks/vecLib.framework/Versions/A/libLinearAlgebra.dylib
0x00000000020e4000 	/System/Library/Frameworks/ApplicationServices.framework/Versions/A/Frameworks/ATS.framework/Versions/A/Resources/libFontParser.dylib
0x00000000020e4000 	/System/Library/Frameworks/ApplicationServices.framework/Versions/A/Frameworks/ATS.framework/Versions/A/Resources/libFontRegistry.dylib
0x00000000020e4000 	/System/Library/PrivateFrameworks/AppleVPA.framework/Versions/A/AppleVPA
0x00000000020e4000 	/System/Library/PrivateFrameworks/AppleJPEG.framework/Versions/A/AppleJPEG
0x00000000020e4000 	/System/Library/Frameworks/ImageIO.framework/Versions/A/Resources/libJPEG.dylib
0x00000000020e4000 	/System/Library/Frameworks/ImageIO.framework/Versions/A/Resources/libTIFF.dylib
0x00000000020e4000 	/System/Library/Frameworks/ImageIO.framework/Versions/A/Resources/libPng.dylib
0x00000000020e4000 	/System/Library/Frameworks/ImageIO.framework/Versions/A/Resources/libGIF.dylib
0x00000000020e4000 	/System/Library/Frameworks/ImageIO.framework/Versions/A/Resources/libJP2.dylib
0x00000000020e4000 	/System/Library/Frameworks/ImageIO.framework/Versions/A/Resources/libRadiance.dylib
0x00000000020e4000 	/System/Library/Frameworks/CoreVideo.framework/Versions/A/CoreVideo
0x00000000020e4000 	/System/Library/Frameworks/OpenGL.framework/Versions/A/Libraries/libGLU.dylib
0x00000000020e4000 	/System/Library/Frameworks/OpenGL.framework/Versions/A/Libraries/libGFXShared.dylib
0x00000000020e4000 	/System/Library/Frameworks/OpenGL.framework/Versions/A/Libraries/libGL.dylib
0x00000000020e4000 	/System/Library/Frameworks/OpenGL.framework/Versions/A/Libraries/libGLImage.dylib
0x00000000020e4000 	/System/Library/Frameworks/OpenGL.framework/Versions/A/Libraries/libCVMSPluginSupport.dylib
0x00000000020e4000 	/System/Library/Frameworks/OpenGL.framework/Versions/A/Libraries/libCoreVMClient.dylib
0x00000000020e4000 	/usr/lib/libcups.2.dylib
0x00000000020e4000 	/System/Library/Frameworks/Kerberos.framework/Versions/A/Kerberos
0x00000000020e4000 	/System/Library/Frameworks/GSS.framework/Versions/A/GSS
0x00000000020e4000 	/usr/lib/libresolv.9.dylib
0x00000000020e4000 	/usr/lib/libiconv.2.dylib
0x00000000020e4000 	/System/Library/PrivateFrameworks/Heimdal.framework/Versions/A/Heimdal
0x00000000020e4000 	/usr/lib/libheimdal-asn1.dylib
0x00000000020e4000 	/System/Library/Frameworks/OpenDirectory.framework/Versions/A/OpenDirectory
0x00000000020e4000 	/System/Library/PrivateFrameworks/CommonAuth.framework/Versions/A/CommonAuth
0x00000000020e4000 	/System/Library/Frameworks/OpenDirectory.framework/Versions/A/Frameworks/CFOpenDirectory.framework/Versions/A/CFOpenDirectory
0x00000000020e4000 	/System/Library/Frameworks/SecurityFoundation.framework/Versions/A/SecurityFoundation
0x00000000020e4000 	/System/Library/PrivateFrameworks/LanguageModeling.framework/Versions/A/LanguageModeling
0x00000000020e4000 	/usr/lib/libcmph.dylib
0x00000000020e4000 	/System/Library/Frameworks/ServiceManagement.framework/Versions/A/ServiceManagement
0x00000000020e4000 	/usr/lib/libxslt.1.dylib
0x00000000020e4000 	/System/Library/Frameworks/Carbon.framework/Versions/A/Frameworks/Ink.framework/Versions/A/Ink
0x00000000020e4000 	/System/Library/Frameworks/QuartzCore.framework/Versions/A/Frameworks/CoreImage.framework/Versions/A/CoreImage
0x00000000020e4000 	/System/Library/PrivateFrameworks/CrashReporterSupport.framework/Versions/A/CrashReporterSupport
0x00000000020e4000 	/System/Library/Frameworks/OpenCL.framework/Versions/A/OpenCL
0x00000000020e4000 	/System/Library/PrivateFrameworks/FaceCore.framework/Versions/A/FaceCore
0x00000000020e4000 	/System/Library/PrivateFrameworks/Ubiquity.framework/Versions/A/Ubiquity
0x00000000020e4000 	/System/Library/PrivateFrameworks/IconServices.framework/Versions/A/IconServices
0x00000000020e4000 	/System/Library/PrivateFrameworks/ChunkingLibrary.framework/Versions/A/ChunkingLibrary
0x00000000020e4000 	/System/Library/PrivateFrameworks/Apple80211.framework/Versions/A/Apple80211
0x00000000020e4000 	/System/Library/Frameworks/CoreWLAN.framework/Versions/A/CoreWLAN
0x00000000020e4000 	/System/Library/Frameworks/IOBluetooth.framework/Versions/A/IOBluetooth
0x00000000020e4000 	/System/Library/PrivateFrameworks/CoreWiFi.framework/Versions/A/CoreWiFi
0x00000000020e4000 	/System/Library/Frameworks/CoreBluetooth.framework/Versions/A/CoreBluetooth
0x00000000020e4000 	/System/Library/PrivateFrameworks/DebugSymbols.framework/Versions/A/DebugSymbols
0x00000000020e4000 	/System/Library/PrivateFrameworks/CoreSymbolication.framework/Versions/A/CoreSymbolication
0x00000000020e4000 	/System/Library/PrivateFrameworks/Symbolication.framework/Versions/A/Symbolication
0x00000000020e4000 	/System/Library/PrivateFrameworks/SpeechRecognitionCore.framework/Versions/A/SpeechRecognitionCore
0x00000001099de000 	/Library/Java/JavaVirtualMachines/jdk1.8.0_66.jdk/Contents/Home/jre/lib/server/libjvm.dylib
0x00000000020e4000 	/usr/lib/libstdc++.6.dylib
0x000000010a97b000 	/Library/Java/JavaVirtualMachines/jdk1.8.0_66.jdk/Contents/Home/jre/lib/libverify.dylib
0x000000010a989000 	/Library/Java/JavaVirtualMachines/jdk1.8.0_66.jdk/Contents/Home/jre/lib/libjava.dylib
0x000000010a9c8000 	/Library/Java/JavaVirtualMachines/jdk1.8.0_66.jdk/Contents/Home/jre/lib/libzip.dylib
0x000000011edfd000 	/System/Library/Frameworks/JavaVM.framework/Frameworks/JavaRuntimeSupport.framework/JavaRuntimeSupport
0x000000010a9e6000 	/System/Library/Frameworks/JavaVM.framework/Versions/A/Frameworks/JavaNativeFoundation.framework/Versions/A/JavaNativeFoundation
0x000000011ee18000 	/System/Library/Frameworks/JavaVM.framework/Versions/A/JavaVM
0x00000000020e4000 	/System/Library/Frameworks/Carbon.framework/Versions/A/Carbon
0x000000011ee25000 	/System/Library/PrivateFrameworks/JavaLaunching.framework/Versions/A/JavaLaunching
0x00000000020e4000 	/System/Library/Frameworks/Carbon.framework/Versions/A/Frameworks/CommonPanels.framework/Versions/A/CommonPanels
0x00000000020e4000 	/System/Library/Frameworks/Carbon.framework/Versions/A/Frameworks/Help.framework/Versions/A/Help
0x00000000020e4000 	/System/Library/Frameworks/Carbon.framework/Versions/A/Frameworks/ImageCapture.framework/Versions/A/ImageCapture
0x00000000020e4000 	/System/Library/Frameworks/Carbon.framework/Versions/A/Frameworks/OpenScripting.framework/Versions/A/OpenScripting
0x00000000020e4000 	/System/Library/Frameworks/Carbon.framework/Versions/A/Frameworks/Print.framework/Versions/A/Print
0x00000000020e4000 	/System/Library/Frameworks/Carbon.framework/Versions/A/Frameworks/SecurityHI.framework/Versions/A/SecurityHI
0x0000000120d56000 	/Library/Java/JavaVirtualMachines/jdk1.8.0_66.jdk/Contents/Home/jre/lib/libawt.dylib
0x0000000120dfe000 	/Library/Java/JavaVirtualMachines/jdk1.8.0_66.jdk/Contents/Home/jre/lib/./libmlib_image.dylib
0x0000000120eca000 	/Library/Java/JavaVirtualMachines/jdk1.8.0_66.jdk/Contents/Home/jre/lib/libawt_lwawt.dylib
0x0000000120f7f000 	/Library/Java/JavaVirtualMachines/jdk1.8.0_66.jdk/Contents/Home/jre/lib/./libosxapp.dylib
0x00000000020e4000 	/System/Library/Frameworks/ExceptionHandling.framework/Versions/A/ExceptionHandling
0x00000000020e4000 	/System/Library/PrivateFrameworks/CoreServicesInternal.framework/Versions/A/CoreServicesInternal
0x00000000020e4000 	/System/Library/PrivateFrameworks/CloudDocs.framework/Versions/A/CloudDocs
0x00000000020e4000 	/System/Library/PrivateFrameworks/CoreDuet.framework/Versions/A/CoreDuet
0x00000000020e4000 	/System/Library/Frameworks/CloudKit.framework/Versions/A/CloudKit
0x00000000020e4000 	/System/Library/PrivateFrameworks/ProtocolBuffer.framework/Versions/A/ProtocolBuffer
0x00000000020e4000 	/System/Library/PrivateFrameworks/CoreDuetDaemonProtocol.framework/Versions/A/CoreDuetDaemonProtocol
0x00000000020e4000 	/System/Library/PrivateFrameworks/CoreDuetDebugLogging.framework/Versions/A/CoreDuetDebugLogging
0x00000000020e4000 	/System/Library/PrivateFrameworks/MMCS.framework/Versions/A/MMCS
0x00000000020e4000 	/System/Library/Frameworks/CoreLocation.framework/Versions/A/CoreLocation
0x00000000020e4000 	/System/Library/PrivateFrameworks/ProtectedCloudStorage.framework/Versions/A/ProtectedCloudStorage
0x00000000020e4000 	/System/Library/PrivateFrameworks/GeoServices.framework/Versions/A/GeoServices
0x000000012299d000 	/System/Library/Frameworks/CoreGraphics.framework/Versions/A/Resources/libCGCMS.A.dylib
0x0000000123480000 	/System/Library/Frameworks/CoreGraphics.framework/Versions/A/Resources/libRIP.A.dylib
0x00000001236f8000 	/System/Library/Frameworks/CoreGraphics.framework/Versions/A/Resources/libCGXType.A.dylib
0x00000000020e4000 	/System/Library/Frameworks/OpenCL.framework/Versions/A/Libraries/libcldcpuengine.dylib
0x00000000020e4000 	/System/Library/PrivateFrameworks/DiskImages.framework/Versions/A/DiskImages
0x00000000020e4000 	/System/Library/Frameworks/DiscRecording.framework/Versions/A/DiscRecording
0x00000000020e4000 	/usr/lib/libcsfde.dylib
0x00000000020e4000 	/usr/lib/libcurl.4.dylib
0x00000000020e4000 	/System/Library/PrivateFrameworks/MediaKit.framework/Versions/A/MediaKit
0x00000000020e4000 	/usr/lib/libCoreStorage.dylib
0x00000000020e4000 	/System/Library/PrivateFrameworks/EFILogin.framework/Versions/A/EFILogin
0x00000000020e4000 	/usr/lib/libutil.dylib
0x00000000020e4000 	/System/Library/PrivateFrameworks/FindMyDevice.framework/Versions/A/FindMyDevice
0x00000000020e4000 	/System/Library/Frameworks/LDAP.framework/Versions/A/LDAP
0x00000000020e4000 	/usr/lib/libsasl2.2.dylib
0x00000000020e4000 	/System/Library/PrivateFrameworks/CoreDaemon.framework/Versions/B/CoreDaemon
0x00000000020e4000 	/usr/lib/libcrypto.0.9.8.dylib
0x00000000020e4000 	/System/Library/PrivateFrameworks/AppleSRP.framework/Versions/A/AppleSRP
0x00000000020e4000 	/System/Library/PrivateFrameworks/TrustEvaluationAgent.framework/Versions/A/TrustEvaluationAgent
0x0000000124168000 	cl_kernels
0x000000012416a000 	/System/Library/Frameworks/OpenCL.framework/Versions/A/Libraries/ImageFormats/unorm8_bgra.dylib
0x0000000124159000 	cl_kernels
0x00000000020e4000 	/System/Library/PrivateFrameworks/FamilyControls.framework/Versions/A/FamilyControls
0x00000000020e4000 	/System/Library/PrivateFrameworks/CommerceKit.framework/Versions/A/Frameworks/CommerceCore.framework/Versions/A/CommerceCore
0x00000000020e4000 	/System/Library/PrivateFrameworks/SystemAdministration.framework/Versions/A/SystemAdministration
0x00000000020e4000 	/System/Library/PrivateFrameworks/AppContainer.framework/Versions/A/AppContainer
0x00000000020e4000 	/System/Library/PrivateFrameworks/SecCodeWrapper.framework/Versions/A/SecCodeWrapper
0x00000000020e4000 	/System/Library/Frameworks/DirectoryService.framework/Versions/A/DirectoryService
0x00000000020e4000 	/System/Library/PrivateFrameworks/LoginUIKit.framework/Versions/A/Frameworks/LoginUICore.framework/Versions/A/LoginUICore
0x00000000020e4000 	/usr/lib/libodfde.dylib
0x00000001254dc000 	/System/Library/Frameworks/OpenGL.framework/Resources/GLEngine.bundle/GLEngine
0x00000000020e4000 	/System/Library/Frameworks/OpenGL.framework/Versions/A/Libraries/libGLProgrammability.dylib
0x00000001256c7000 	/System/Library/Extensions/AppleIntelHD5000GraphicsGLDriver.bundle/Contents/MacOS/AppleIntelHD5000GraphicsGLDriver
0x00000000020e4000 	/System/Library/PrivateFrameworks/IOAccelerator.framework/Versions/A/IOAccelerator
0x00000000020e4000 	/System/Library/PrivateFrameworks/GPUSupport.framework/Versions/A/Libraries/libGPUSupportMercury.dylib
0x0000000125dae000 	/System/Library/Frameworks/OpenGL.framework/Resources//GLRendererFloat.bundle/GLRendererFloat
0x0000000126ba7000 	/Library/Java/JavaVirtualMachines/jdk1.8.0_66.jdk/Contents/Home/jre/lib/libfontmanager.dylib
0x0000000127e2a000 	/Library/Java/JavaVirtualMachines/jdk1.8.0_66.jdk/Contents/Home/jre/lib/libosxui.dylib
0x0000000128a00000 	/Library/Java/JavaVirtualMachines/jdk1.8.0_66.jdk/Contents/Home/jre/lib/libnet.dylib
0x0000000128a17000 	/Library/Java/JavaVirtualMachines/jdk1.8.0_66.jdk/Contents/Home/jre/lib/libnio.dylib
0x00000000020e4000 	/System/Library/Frameworks/ApplicationServices.framework/Versions/A/Frameworks/ATS.framework/Versions/A/Resources/libTrueTypeScaler.dylib
0x0000000187b0f000 	/private/var/folders/93/1tdb_04d6d76krc3nnbm25z00000gn/T/jogamp_0000/file_cache/jln2426229379601449490/jln631894321307737051/libgluegen-rt.jnilib
0x0000000187b13000 	/private/var/folders/93/1tdb_04d6d76krc3nnbm25z00000gn/T/jogamp_0000/file_cache/jln2426229379601449490/jln631894321307737051/libnativewindow_awt.jnilib
0x0000000187b16000 	/Library/Java/JavaVirtualMachines/jdk1.8.0_66.jdk/Contents/Home/jre/lib/libjawt.dylib
0x0000000187b19000 	/private/var/folders/93/1tdb_04d6d76krc3nnbm25z00000gn/T/jogamp_0000/file_cache/jln2426229379601449490/jln631894321307737051/libnativewindow_macosx.jnilib
0x00000001895ee000 	/private/var/folders/93/1tdb_04d6d76krc3nnbm25z00000gn/T/jogamp_0000/file_cache/jln2426229379601449490/jln631894321307737051/libjogl_desktop.jnilib
0x000000018f27c000 	/Library/Java/JavaVirtualMachines/jdk1.8.0_66.jdk/Contents/Home/jre/lib/libjpeg.dylib

VM Arguments:
jvm_args: -Djava.security.policy=java.policy.applet -Dfile.encoding=UTF-8 
java_command: sun.applet.AppletViewer module1.HelloWorld1445878762411.html
java_class_path (initial): /Volumes/Primary_External_Drive/Documents/workplace/UCSDUnfoldingMaps/build:/Volumes/Primary_External_Drive/Documents/workplace/UCSDUnfoldingMaps/lib/core.jar:/Volumes/Primary_External_Drive/Documents/workplace/UCSDUnfoldingMaps/lib/gluegen-rt.jar:/Volumes/Primary_External_Drive/Documents/workplace/UCSDUnfoldingMaps/lib/jogl-all.jar:/Volumes/Primary_External_Drive/Documents/workplace/UCSDUnfoldingMaps/lib/log4j-1.2.15.jar:/Volumes/Primary_External_Drive/Documents/workplace/UCSDUnfoldingMaps/lib/sqlite-jdbc-3.7.2.jar:/Volumes/Primary_External_Drive/Documents/workplace/UCSDUnfoldingMaps/lib/json4processing.jar:/Volumes/Primary_External_Drive/Documents/workplace/UCSDUnfoldingMaps/lib/libTUIO.jar:/Volumes/Primary_External_Drive/Documents/workplace/UCSDUnfoldingMaps/lib/unfolding.0.9.7-uscd.jar
Launcher Type: SUN_STANDARD

Environment Variables:
PATH=/usr/bin:/bin:/usr/sbin:/sbin
SHELL=/usr/local/bin/zsh
DISPLAY=/private/tmp/com.apple.launchd.5Kz9Snbudg/org.macosforge.xquartz:0

Signal Handlers:
SIGSEGV: [libjvm.dylib+0x5a65d5], sa_mask[0]=11111111011111110111111111111111, sa_flags=SA_ONSTACK|SA_RESTART|SA_SIGINFO
SIGBUS: [libjvm.dylib+0x5a65d5], sa_mask[0]=11111111011111110111111111111111, sa_flags=SA_RESTART|SA_SIGINFO
SIGFPE: [libjvm.dylib+0x4802e8], sa_mask[0]=11111111011111110111111111111111, sa_flags=SA_RESTART|SA_SIGINFO
SIGPIPE: [libjvm.dylib+0x4802e8], sa_mask[0]=11111111011111110111111111111111, sa_flags=SA_RESTART|SA_SIGINFO
SIGXFSZ: [libjvm.dylib+0x4802e8], sa_mask[0]=11111111011111110111111111111111, sa_flags=SA_RESTART|SA_SIGINFO
SIGILL: [libjvm.dylib+0x4802e8], sa_mask[0]=11111111011111110111111111111111, sa_flags=SA_RESTART|SA_SIGINFO
SIGUSR1: SIG_DFL, sa_mask[0]=00000000000000000000000000000000, sa_flags=none
SIGUSR2: [libjvm.dylib+0x47fe06], sa_mask[0]=00100000000000000000000000000000, sa_flags=SA_RESTART|SA_SIGINFO
SIGHUP: [libjvm.dylib+0x47e3dd], sa_mask[0]=11111111011111110111111111111111, sa_flags=SA_RESTART|SA_SIGINFO
SIGINT: [libjvm.dylib+0x47e3dd], sa_mask[0]=11111111011111110111111111111111, sa_flags=SA_RESTART|SA_SIGINFO
SIGTERM: [libjvm.dylib+0x47e3dd], sa_mask[0]=11111111011111110111111111111111, sa_flags=SA_RESTART|SA_SIGINFO
SIGQUIT: [libjvm.dylib+0x47e3dd], sa_mask[0]=11111111011111110111111111111111, sa_flags=SA_RESTART|SA_SIGINFO


---------------  S Y S T E M  ---------------

OS:Bsduname:Darwin 14.5.0 Darwin Kernel Version 14.5.0: Tue Sep  1 21:23:09 PDT 2015; root:xnu-2782.50.1~1/RELEASE_X86_64 x86_64
rlimit: STACK 8192k, CORE 0k, NPROC 709, NOFILE 10240, AS infinity
load average:1.84 1.65 1.81

CPU:total 4 (2 cores per cpu, 2 threads per core) family 6 model 69 stepping 1, cmov, cx8, fxsr, mmx, sse, sse2, sse3, ssse3, sse4.1, sse4.2, popcnt, avx, avx2, aes, clmul, erms, lzcnt, ht, tsc, tscinvbit, bmi1, bmi2

Memory: 4k page, physical 4194304k(129544k free)

/proc/meminfo:


vm_info: Java HotSpot(TM) 64-Bit Server VM (25.66-b17) for bsd-amd64 JRE (1.8.0_66-b17), built on Oct  6 2015 16:09:13 by "java_re" with gcc 4.2.1 (Based on Apple Inc. build 5658) (LLVM build 2336.11.00)

time: Mon Oct 26 12:59:33 2015
elapsed time: 11 seconds (0d 0h 0m 11s)

